<testsuite name="features.subtraction.Perform an Subtraction Feature" tests="4" errors="0" failures="0" skipped="0" time="0.012987" timestamp="2023-05-30T13:50:13.506911" hostname="DESKTOP-K37OCDU"><testcase classname="features.subtraction.Perform an Subtraction Feature" name="Subtraction of Two number -- @1.1 " status="passed" time="0.002996"><system-out>
<![CDATA[
@scenario.begin
  Scenario Outline: Subtraction of Two number -- @1.1 
    Given take the "4" and "2" ... passed in 0.001s
    When subtract "4" and "2" ... passed in 0.001s
    Then Print the total result ... passed in 0.001s

@scenario.end
--------------------------------------------------------------------------------

Captured stdout:
FIRST NUMBER :  4
SECOND NUMBER :  2
RESULT IS :  2

]]>
</system-out></testcase><testcase classname="features.subtraction.Perform an Subtraction Feature" name="Subtraction of Two number -- @1.2 " status="passed" time="0.002999"><system-out>
<![CDATA[
@scenario.begin
  Scenario Outline: Subtraction of Two number -- @1.2 
    Given take the "2" and "0" ... passed in 0.001s
    When subtract "2" and "0" ... passed in 0.001s
    Then Print the total result ... passed in 0.001s

@scenario.end
--------------------------------------------------------------------------------

Captured stdout:
FIRST NUMBER :  2
SECOND NUMBER :  0
RESULT IS :  2

]]>
</system-out></testcase><testcase classname="features.subtraction.Perform an Subtraction Feature" name="Subtraction of Two number -- @1.3 " status="passed" time="0.002994"><system-out>
<![CDATA[
@scenario.begin
  Scenario Outline: Subtraction of Two number -- @1.3 
    Given take the "-2" and "0" ... passed in 0.001s
    When subtract "-2" and "0" ... passed in 0.001s
    Then Print the total result ... passed in 0.001s

@scenario.end
--------------------------------------------------------------------------------

Captured stdout:
FIRST NUMBER :  -2
SECOND NUMBER :  0
RESULT IS :  -2

]]>
</system-out></testcase><testcase classname="features.subtraction.Perform an Subtraction Feature" name="Subtraction of Two number -- @1.4 " status="passed" time="0.003997"><system-out>
<![CDATA[
@scenario.begin
  Scenario Outline: Subtraction of Two number -- @1.4 
    Given take the "-2" and "-2" ... passed in 0.001s
    When subtract "-2" and "-2" ... passed in 0.001s
    Then Print the total result ... passed in 0.002s

@scenario.end
--------------------------------------------------------------------------------

Captured stdout:
FIRST NUMBER :  -2
SECOND NUMBER :  -2
RESULT IS :  0

]]>
</system-out></testcase></testsuite>