<testsuite name="features.addition.Perform an Addition Feature" tests="4" errors="0" failures="0" skipped="0" time="0.008991" timestamp="2023-05-30T13:50:13.289037" hostname="DESKTOP-K37OCDU"><testcase classname="features.addition.Perform an Addition Feature" name="Sum of Two number -- @1.1 " status="passed" time="0.002995"><system-out>
<![CDATA[
@scenario.begin
  Scenario Outline: Sum of Two number -- @1.1 
    Given take the "4" and "2" ... passed in 0.001s
    When calculate the sum of "4" and "2" ... passed in 0.001s
    Then Print the total result ... passed in 0.001s

@scenario.end
--------------------------------------------------------------------------------

Captured stdout:
FIRST NUMBER :  4
SECOND NUMBER :  2
RESULT IS :  6

]]>
</system-out></testcase><testcase classname="features.addition.Perform an Addition Feature" name="Sum of Two number -- @1.2 " status="passed" time="0.002005"><system-out>
<![CDATA[
@scenario.begin
  Scenario Outline: Sum of Two number -- @1.2 
    Given take the "2" and "0" ... passed in 0.000s
    When calculate the sum of "2" and "0" ... passed in 0.001s
    Then Print the total result ... passed in 0.001s

@scenario.end
--------------------------------------------------------------------------------

Captured stdout:
FIRST NUMBER :  2
SECOND NUMBER :  0
RESULT IS :  2

]]>
</system-out></testcase><testcase classname="features.addition.Perform an Addition Feature" name="Sum of Two number -- @1.3 " status="passed" time="0.001996"><system-out>
<![CDATA[
@scenario.begin
  Scenario Outline: Sum of Two number -- @1.3 
    Given take the "-2" and "0" ... passed in 0.000s
    When calculate the sum of "-2" and "0" ... passed in 0.001s
    Then Print the total result ... passed in 0.001s

@scenario.end
--------------------------------------------------------------------------------

Captured stdout:
FIRST NUMBER :  -2
SECOND NUMBER :  0
RESULT IS :  -2

]]>
</system-out></testcase><testcase classname="features.addition.Perform an Addition Feature" name="Sum of Two number -- @1.4 " status="passed" time="0.001995"><system-out>
<![CDATA[
@scenario.begin
  Scenario Outline: Sum of Two number -- @1.4 
    Given take the "-2" and "-2" ... passed in 0.001s
    When calculate the sum of "-2" and "-2" ... passed in 0.001s
    Then Print the total result ... passed in 0.000s

@scenario.end
--------------------------------------------------------------------------------

Captured stdout:
FIRST NUMBER :  -2
SECOND NUMBER :  -2
RESULT IS :  -4

]]>
</system-out></testcase></testsuite>